{"F:\\oslash\\app.js": {"path":"F:\\oslash\\app.js","statementMap":{"0":{"start":{"line":1,"column":16},"end":{"line":1,"column":34}},"1":{"start":{"line":2,"column":16},"end":{"line":2,"column":34}},"2":{"start":{"line":3,"column":12},"end":{"line":3,"column":21}},"3":{"start":{"line":5,"column":0},"end":{"line":5,"column":33}},"4":{"start":{"line":6,"column":0},"end":{"line":6,"column":26}},"5":{"start":{"line":7,"column":0},"end":{"line":7,"column":30}},"6":{"start":{"line":9,"column":13},"end":{"line":9,"column":37}},"7":{"start":{"line":10,"column":13},"end":{"line":10,"column":81}},"8":{"start":{"line":10,"column":36},"end":{"line":10,"column":80}},"9":{"start":{"line":12,"column":0},"end":{"line":12,"column":22}}},"fnMap":{"0":{"name":"(anonymous_0)","decl":{"start":{"line":10,"column":30},"end":{"line":10,"column":31}},"loc":{"start":{"line":10,"column":36},"end":{"line":10,"column":80}},"line":10}},"branchMap":{"0":{"loc":{"start":{"line":9,"column":13},"end":{"line":9,"column":37}},"type":"binary-expr","locations":[{"start":{"line":9,"column":13},"end":{"line":9,"column":29}},{"start":{"line":9,"column":33},"end":{"line":9,"column":37}}],"line":9}},"s":{"0":3,"1":3,"2":3,"3":3,"4":3,"5":3,"6":3,"7":3,"8":3,"9":3},"f":{"0":3},"b":{"0":[3,3]},"_coverageSchema":"1a1c01bbd47fc00a2c39e90264f33305004495a9","hash":"bd78919552531823d09156150d58e03c44885718"}
,"F:\\oslash\\config\\config.js": {"path":"F:\\oslash\\config\\config.js","statementMap":{"0":{"start":{"line":1,"column":0},"end":{"line":3,"column":1}}},"fnMap":{},"branchMap":{},"s":{"0":3},"f":{},"b":{},"_coverageSchema":"1a1c01bbd47fc00a2c39e90264f33305004495a9","hash":"46de05f5315dd158062a6de231ecb58b1a489104"}
,"F:\\oslash\\middleware\\async.js": {"path":"F:\\oslash\\middleware\\async.js","statementMap":{"0":{"start":{"line":1,"column":0},"end":{"line":11,"column":1}},"1":{"start":{"line":2,"column":4},"end":{"line":10,"column":6}},"2":{"start":{"line":3,"column":4},"end":{"line":9,"column":5}},"3":{"start":{"line":4,"column":8},"end":{"line":4,"column":32}},"4":{"start":{"line":8,"column":8},"end":{"line":8,"column":16}}},"fnMap":{"0":{"name":"(anonymous_0)","decl":{"start":{"line":1,"column":15},"end":{"line":1,"column":16}},"loc":{"start":{"line":1,"column":33},"end":{"line":11,"column":1}},"line":1},"1":{"name":"(anonymous_1)","decl":{"start":{"line":2,"column":11},"end":{"line":2,"column":12}},"loc":{"start":{"line":2,"column":35},"end":{"line":10,"column":5}},"line":2}},"branchMap":{},"s":{"0":3,"1":48,"2":18,"3":18,"4":1},"f":{"0":48,"1":18},"b":{},"_coverageSchema":"1a1c01bbd47fc00a2c39e90264f33305004495a9","hash":"57a64d1571d4e3ae1cd26939e3ac516fcbb7face"}
,"F:\\oslash\\middleware\\employeeauth.js": {"path":"F:\\oslash\\middleware\\employeeauth.js","statementMap":{"0":{"start":{"line":1,"column":12},"end":{"line":1,"column":35}},"1":{"start":{"line":2,"column":15},"end":{"line":2,"column":32}},"2":{"start":{"line":3,"column":13},"end":{"line":3,"column":40}},"3":{"start":{"line":5,"column":0},"end":{"line":22,"column":2}},"4":{"start":{"line":6,"column":16},"end":{"line":6,"column":48}},"5":{"start":{"line":8,"column":2},"end":{"line":11,"column":61}},"6":{"start":{"line":9,"column":4},"end":{"line":11,"column":61}},"7":{"start":{"line":12,"column":2},"end":{"line":21,"column":3}},"8":{"start":{"line":13,"column":20},"end":{"line":13,"column":53}},"9":{"start":{"line":14,"column":4},"end":{"line":14,"column":31}},"10":{"start":{"line":15,"column":4},"end":{"line":15,"column":11}},"11":{"start":{"line":17,"column":4},"end":{"line":20,"column":7}}},"fnMap":{"0":{"name":"(anonymous_0)","decl":{"start":{"line":5,"column":17},"end":{"line":5,"column":18}},"loc":{"start":{"line":5,"column":43},"end":{"line":22,"column":1}},"line":5}},"branchMap":{"0":{"loc":{"start":{"line":8,"column":2},"end":{"line":11,"column":61}},"type":"if","locations":[{"start":{"line":8,"column":2},"end":{"line":11,"column":61}},{"start":{"line":8,"column":2},"end":{"line":11,"column":61}}],"line":8}},"s":{"0":3,"1":3,"2":3,"3":3,"4":10,"5":10,"6":4,"7":6,"8":6,"9":6,"10":6,"11":0},"f":{"0":10},"b":{"0":[4,6]},"_coverageSchema":"1a1c01bbd47fc00a2c39e90264f33305004495a9","hash":"d835617f54db843f4f1acca05261a6cf73a7c3ed"}
,"F:\\oslash\\middleware\\employeesuperadmin.js": {"path":"F:\\oslash\\middleware\\employeesuperadmin.js","statementMap":{"0":{"start":{"line":1,"column":12},"end":{"line":1,"column":35}},"1":{"start":{"line":2,"column":15},"end":{"line":2,"column":32}},"2":{"start":{"line":3,"column":13},"end":{"line":3,"column":40}},"3":{"start":{"line":5,"column":0},"end":{"line":22,"column":2}},"4":{"start":{"line":6,"column":16},"end":{"line":6,"column":48}},"5":{"start":{"line":8,"column":2},"end":{"line":11,"column":61}},"6":{"start":{"line":9,"column":4},"end":{"line":11,"column":61}},"7":{"start":{"line":12,"column":2},"end":{"line":21,"column":3}},"8":{"start":{"line":13,"column":20},"end":{"line":13,"column":53}},"9":{"start":{"line":14,"column":4},"end":{"line":14,"column":31}},"10":{"start":{"line":15,"column":4},"end":{"line":15,"column":11}},"11":{"start":{"line":17,"column":4},"end":{"line":20,"column":7}}},"fnMap":{"0":{"name":"(anonymous_0)","decl":{"start":{"line":5,"column":17},"end":{"line":5,"column":18}},"loc":{"start":{"line":5,"column":43},"end":{"line":22,"column":1}},"line":5}},"branchMap":{"0":{"loc":{"start":{"line":8,"column":2},"end":{"line":11,"column":61}},"type":"if","locations":[{"start":{"line":8,"column":2},"end":{"line":11,"column":61}},{"start":{"line":8,"column":2},"end":{"line":11,"column":61}}],"line":8}},"s":{"0":3,"1":3,"2":3,"3":3,"4":0,"5":0,"6":0,"7":0,"8":0,"9":0,"10":0,"11":0},"f":{"0":0},"b":{"0":[0,0]},"_coverageSchema":"1a1c01bbd47fc00a2c39e90264f33305004495a9","hash":"e45ed8e7f02d3f374ebb8d95c91bbb62c27585b6"}
,"F:\\oslash\\middleware\\log.js": {"path":"F:\\oslash\\middleware\\log.js","statementMap":{"0":{"start":{"line":1,"column":12},"end":{"line":1,"column":41}},"1":{"start":{"line":3,"column":0},"end":{"line":76,"column":2}},"2":{"start":{"line":5,"column":10},"end":{"line":5,"column":66}},"3":{"start":{"line":6,"column":13},"end":{"line":6,"column":30}},"4":{"start":{"line":7,"column":2},"end":{"line":7,"column":32}},"5":{"start":{"line":8,"column":2},"end":{"line":75,"column":3}},"6":{"start":{"line":10,"column":4},"end":{"line":71,"column":5}},"7":{"start":{"line":11,"column":16},"end":{"line":16,"column":7}},"8":{"start":{"line":17,"column":19},"end":{"line":17,"column":31}},"9":{"start":{"line":18,"column":6},"end":{"line":18,"column":26}},"10":{"start":{"line":19,"column":11},"end":{"line":71,"column":5}},"11":{"start":{"line":20,"column":8},"end":{"line":43,"column":9}},"12":{"start":{"line":22,"column":22},"end":{"line":27,"column":15}},"13":{"start":{"line":29,"column":27},"end":{"line":29,"column":39}},"14":{"start":{"line":30,"column":14},"end":{"line":30,"column":34}},"15":{"start":{"line":34,"column":22},"end":{"line":39,"column":15}},"16":{"start":{"line":41,"column":27},"end":{"line":41,"column":39}},"17":{"start":{"line":42,"column":14},"end":{"line":42,"column":34}},"18":{"start":{"line":48,"column":8},"end":{"line":68,"column":9}},"19":{"start":{"line":50,"column":22},"end":{"line":54,"column":15}},"20":{"start":{"line":55,"column":27},"end":{"line":55,"column":39}},"21":{"start":{"line":56,"column":14},"end":{"line":56,"column":34}},"22":{"start":{"line":58,"column":13},"end":{"line":68,"column":9}},"23":{"start":{"line":61,"column":22},"end":{"line":65,"column":15}},"24":{"start":{"line":66,"column":27},"end":{"line":66,"column":39}},"25":{"start":{"line":67,"column":14},"end":{"line":67,"column":34}},"26":{"start":{"line":72,"column":4},"end":{"line":72,"column":11}},"27":{"start":{"line":74,"column":4},"end":{"line":74,"column":12}}},"fnMap":{"0":{"name":"(anonymous_0)","decl":{"start":{"line":3,"column":17},"end":{"line":3,"column":18}},"loc":{"start":{"line":3,"column":43},"end":{"line":76,"column":1}},"line":3}},"branchMap":{"0":{"loc":{"start":{"line":10,"column":4},"end":{"line":71,"column":5}},"type":"if","locations":[{"start":{"line":10,"column":4},"end":{"line":71,"column":5}},{"start":{"line":10,"column":4},"end":{"line":71,"column":5}}],"line":10},"1":{"loc":{"start":{"line":19,"column":11},"end":{"line":71,"column":5}},"type":"if","locations":[{"start":{"line":19,"column":11},"end":{"line":71,"column":5}},{"start":{"line":19,"column":11},"end":{"line":71,"column":5}}],"line":19},"2":{"loc":{"start":{"line":20,"column":8},"end":{"line":43,"column":9}},"type":"if","locations":[{"start":{"line":20,"column":8},"end":{"line":43,"column":9}},{"start":{"line":20,"column":8},"end":{"line":43,"column":9}}],"line":20},"3":{"loc":{"start":{"line":48,"column":8},"end":{"line":68,"column":9}},"type":"if","locations":[{"start":{"line":48,"column":8},"end":{"line":68,"column":9}},{"start":{"line":48,"column":8},"end":{"line":68,"column":9}}],"line":48},"4":{"loc":{"start":{"line":58,"column":13},"end":{"line":68,"column":9}},"type":"if","locations":[{"start":{"line":58,"column":13},"end":{"line":68,"column":9}},{"start":{"line":58,"column":13},"end":{"line":68,"column":9}}],"line":58}},"s":{"0":3,"1":3,"2":18,"3":18,"4":18,"5":18,"6":18,"7":4,"8":4,"9":4,"10":14,"11":6,"12":0,"13":0,"14":0,"15":6,"16":6,"17":6,"18":8,"19":8,"20":8,"21":8,"22":0,"23":0,"24":0,"25":0,"26":18,"27":0},"f":{"0":18},"b":{"0":[4,14],"1":[6,8],"2":[0,6],"3":[8,0],"4":[0,0]},"_coverageSchema":"1a1c01bbd47fc00a2c39e90264f33305004495a9","hash":"bc87826cab63b0f01052d165db06da7fdb790b43"}
,"F:\\oslash\\middleware\\userauth.js": {"path":"F:\\oslash\\middleware\\userauth.js","statementMap":{"0":{"start":{"line":1,"column":12},"end":{"line":1,"column":35}},"1":{"start":{"line":2,"column":13},"end":{"line":2,"column":40}},"2":{"start":{"line":4,"column":0},"end":{"line":21,"column":2}},"3":{"start":{"line":5,"column":16},"end":{"line":5,"column":42}},"4":{"start":{"line":7,"column":2},"end":{"line":10,"column":72}},"5":{"start":{"line":8,"column":4},"end":{"line":10,"column":72}},"6":{"start":{"line":11,"column":2},"end":{"line":20,"column":3}},"7":{"start":{"line":12,"column":20},"end":{"line":12,"column":53}},"8":{"start":{"line":13,"column":4},"end":{"line":13,"column":27}},"9":{"start":{"line":14,"column":4},"end":{"line":14,"column":11}},"10":{"start":{"line":16,"column":4},"end":{"line":19,"column":7}}},"fnMap":{"0":{"name":"(anonymous_0)","decl":{"start":{"line":4,"column":17},"end":{"line":4,"column":18}},"loc":{"start":{"line":4,"column":43},"end":{"line":21,"column":1}},"line":4}},"branchMap":{"0":{"loc":{"start":{"line":7,"column":2},"end":{"line":10,"column":72}},"type":"if","locations":[{"start":{"line":7,"column":2},"end":{"line":10,"column":72}},{"start":{"line":7,"column":2},"end":{"line":10,"column":72}}],"line":7}},"s":{"0":3,"1":3,"2":3,"3":7,"4":7,"5":3,"6":4,"7":4,"8":4,"9":4,"10":0},"f":{"0":7},"b":{"0":[3,4]},"_coverageSchema":"1a1c01bbd47fc00a2c39e90264f33305004495a9","hash":"59eaa4a7168e307a8dc2016b1d5adf39434e25e3"}
,"F:\\oslash\\models\\adminpost.js": {"path":"F:\\oslash\\models\\adminpost.js","statementMap":{"0":{"start":{"line":1,"column":17},"end":{"line":1,"column":36}},"1":{"start":{"line":3,"column":18},"end":{"line":28,"column":1}},"2":{"start":{"line":30,"column":0},"end":{"line":30,"column":56}}},"fnMap":{},"branchMap":{},"s":{"0":3,"1":3,"2":3},"f":{},"b":{},"_coverageSchema":"1a1c01bbd47fc00a2c39e90264f33305004495a9","hash":"981b07a0a220f3e4fe9cadec48373de35f7d18ee"}
,"F:\\oslash\\models\\auditLog.js": {"path":"F:\\oslash\\models\\auditLog.js","statementMap":{"0":{"start":{"line":1,"column":17},"end":{"line":1,"column":36}},"1":{"start":{"line":3,"column":12},"end":{"line":23,"column":1}},"2":{"start":{"line":25,"column":0},"end":{"line":25,"column":44}}},"fnMap":{},"branchMap":{},"s":{"0":3,"1":3,"2":3},"f":{},"b":{},"_coverageSchema":"1a1c01bbd47fc00a2c39e90264f33305004495a9","hash":"6ff0c5fe63a87e177afd4d81e8f3f936793eac75"}
,"F:\\oslash\\models\\employee.js": {"path":"F:\\oslash\\models\\employee.js","statementMap":{"0":{"start":{"line":1,"column":17},"end":{"line":1,"column":36}},"1":{"start":{"line":2,"column":12},"end":{"line":2,"column":35}},"2":{"start":{"line":3,"column":15},"end":{"line":3,"column":42}},"3":{"start":{"line":4,"column":18},"end":{"line":23,"column":2}},"4":{"start":{"line":25,"column":0},"end":{"line":31,"column":2}},"5":{"start":{"line":26,"column":16},"end":{"line":29,"column":3}},"6":{"start":{"line":30,"column":2},"end":{"line":30,"column":15}},"7":{"start":{"line":33,"column":0},"end":{"line":33,"column":56}}},"fnMap":{"0":{"name":"(anonymous_0)","decl":{"start":{"line":25,"column":38},"end":{"line":25,"column":39}},"loc":{"start":{"line":25,"column":50},"end":{"line":31,"column":1}},"line":25}},"branchMap":{},"s":{"0":3,"1":3,"2":3,"3":3,"4":3,"5":10,"6":10,"7":3},"f":{"0":10},"b":{},"_coverageSchema":"1a1c01bbd47fc00a2c39e90264f33305004495a9","hash":"6b1d367b9654129636de8909285def6507ea118b"}
,"F:\\oslash\\models\\post.js": {"path":"F:\\oslash\\models\\post.js","statementMap":{"0":{"start":{"line":1,"column":17},"end":{"line":1,"column":36}},"1":{"start":{"line":3,"column":14},"end":{"line":45,"column":1}},"2":{"start":{"line":47,"column":0},"end":{"line":47,"column":48}}},"fnMap":{},"branchMap":{},"s":{"0":3,"1":3,"2":3},"f":{},"b":{},"_coverageSchema":"1a1c01bbd47fc00a2c39e90264f33305004495a9","hash":"c55f5f1361ecece57e5796586cdde8110ea227c0"}
,"F:\\oslash\\models\\user.js": {"path":"F:\\oslash\\models\\user.js","statementMap":{"0":{"start":{"line":1,"column":17},"end":{"line":1,"column":36}},"1":{"start":{"line":2,"column":12},"end":{"line":2,"column":35}},"2":{"start":{"line":3,"column":15},"end":{"line":3,"column":42}},"3":{"start":{"line":5,"column":13},"end":{"line":23,"column":1}},"4":{"start":{"line":25,"column":0},"end":{"line":31,"column":2}},"5":{"start":{"line":26,"column":16},"end":{"line":29,"column":3}},"6":{"start":{"line":30,"column":2},"end":{"line":30,"column":15}},"7":{"start":{"line":33,"column":0},"end":{"line":33,"column":46}}},"fnMap":{"0":{"name":"(anonymous_0)","decl":{"start":{"line":25,"column":33},"end":{"line":25,"column":34}},"loc":{"start":{"line":25,"column":45},"end":{"line":31,"column":1}},"line":25}},"branchMap":{},"s":{"0":3,"1":3,"2":3,"3":3,"4":3,"5":8,"6":8,"7":3},"f":{"0":8},"b":{},"_coverageSchema":"1a1c01bbd47fc00a2c39e90264f33305004495a9","hash":"75d19ddb3a26a585e33b360b4c1a3b9abd35b5fc"}
,"F:\\oslash\\routes\\adminPost.js": {"path":"F:\\oslash\\routes\\adminPost.js","statementMap":{"0":{"start":{"line":1,"column":16},"end":{"line":1,"column":34}},"1":{"start":{"line":2,"column":15},"end":{"line":2,"column":31}},"2":{"start":{"line":3,"column":11},"end":{"line":3,"column":36}},"3":{"start":{"line":4,"column":16},"end":{"line":4,"column":46}},"4":{"start":{"line":5,"column":10},"end":{"line":5,"column":39}},"5":{"start":{"line":6,"column":15},"end":{"line":6,"column":43}},"6":{"start":{"line":7,"column":16},"end":{"line":7,"column":53}},"7":{"start":{"line":8,"column":22},"end":{"line":8,"column":52}},"8":{"start":{"line":11,"column":0},"end":{"line":41,"column":4}},"9":{"start":{"line":12,"column":20},"end":{"line":12,"column":40}},"10":{"start":{"line":13,"column":4},"end":{"line":19,"column":5}},"11":{"start":{"line":15,"column":8},"end":{"line":18,"column":13}},"12":{"start":{"line":20,"column":15},"end":{"line":20,"column":28}},"13":{"start":{"line":21,"column":17},"end":{"line":21,"column":44}},"14":{"start":{"line":22,"column":4},"end":{"line":28,"column":5}},"15":{"start":{"line":24,"column":8},"end":{"line":27,"column":13}},"16":{"start":{"line":29,"column":12},"end":{"line":34,"column":5}},"17":{"start":{"line":35,"column":21},"end":{"line":35,"column":39}},"18":{"start":{"line":36,"column":4},"end":{"line":36,"column":30}},"19":{"start":{"line":37,"column":4},"end":{"line":39,"column":9}},"20":{"start":{"line":44,"column":0},"end":{"line":58,"column":4}},"21":{"start":{"line":45,"column":17},"end":{"line":45,"column":55}},"22":{"start":{"line":46,"column":4},"end":{"line":52,"column":5}},"23":{"start":{"line":48,"column":8},"end":{"line":51,"column":13}},"24":{"start":{"line":53,"column":4},"end":{"line":57,"column":9}},"25":{"start":{"line":59,"column":0},"end":{"line":80,"column":4}},"26":{"start":{"line":60,"column":15},"end":{"line":60,"column":28}},"27":{"start":{"line":61,"column":13},"end":{"line":61,"column":40}},"28":{"start":{"line":62,"column":4},"end":{"line":68,"column":5}},"29":{"start":{"line":64,"column":8},"end":{"line":67,"column":13}},"30":{"start":{"line":69,"column":12},"end":{"line":74,"column":5}},"31":{"start":{"line":75,"column":21},"end":{"line":75,"column":39}},"32":{"start":{"line":76,"column":4},"end":{"line":76,"column":30}},"33":{"start":{"line":77,"column":4},"end":{"line":79,"column":9}},"34":{"start":{"line":83,"column":0},"end":{"line":113,"column":4}},"35":{"start":{"line":84,"column":20},"end":{"line":84,"column":40}},"36":{"start":{"line":85,"column":4},"end":{"line":91,"column":5}},"37":{"start":{"line":87,"column":8},"end":{"line":90,"column":13}},"38":{"start":{"line":92,"column":15},"end":{"line":92,"column":28}},"39":{"start":{"line":93,"column":17},"end":{"line":93,"column":44}},"40":{"start":{"line":94,"column":4},"end":{"line":100,"column":5}},"41":{"start":{"line":96,"column":8},"end":{"line":99,"column":13}},"42":{"start":{"line":101,"column":12},"end":{"line":107,"column":5}},"43":{"start":{"line":108,"column":21},"end":{"line":108,"column":39}},"44":{"start":{"line":109,"column":4},"end":{"line":109,"column":30}},"45":{"start":{"line":110,"column":4},"end":{"line":112,"column":9}},"46":{"start":{"line":116,"column":0},"end":{"line":130,"column":3}},"47":{"start":{"line":117,"column":16},"end":{"line":117,"column":53}},"48":{"start":{"line":118,"column":4},"end":{"line":124,"column":5}},"49":{"start":{"line":120,"column":8},"end":{"line":123,"column":13}},"50":{"start":{"line":125,"column":4},"end":{"line":129,"column":9}},"51":{"start":{"line":134,"column":0},"end":{"line":134,"column":22}}},"fnMap":{"0":{"name":"(anonymous_0)","decl":{"start":{"line":11,"column":56},"end":{"line":11,"column":57}},"loc":{"start":{"line":11,"column":72},"end":{"line":41,"column":1}},"line":11},"1":{"name":"(anonymous_1)","decl":{"start":{"line":44,"column":63},"end":{"line":44,"column":64}},"loc":{"start":{"line":44,"column":79},"end":{"line":58,"column":1}},"line":44},"2":{"name":"(anonymous_2)","decl":{"start":{"line":59,"column":58},"end":{"line":59,"column":59}},"loc":{"start":{"line":59,"column":74},"end":{"line":80,"column":1}},"line":59},"3":{"name":"(anonymous_3)","decl":{"start":{"line":83,"column":55},"end":{"line":83,"column":56}},"loc":{"start":{"line":83,"column":71},"end":{"line":113,"column":1}},"line":83},"4":{"name":"(anonymous_4)","decl":{"start":{"line":116,"column":56},"end":{"line":116,"column":57}},"loc":{"start":{"line":116,"column":72},"end":{"line":130,"column":1}},"line":116}},"branchMap":{"0":{"loc":{"start":{"line":13,"column":4},"end":{"line":19,"column":5}},"type":"if","locations":[{"start":{"line":13,"column":4},"end":{"line":19,"column":5}},{"start":{"line":13,"column":4},"end":{"line":19,"column":5}}],"line":13},"1":{"loc":{"start":{"line":22,"column":4},"end":{"line":28,"column":5}},"type":"if","locations":[{"start":{"line":22,"column":4},"end":{"line":28,"column":5}},{"start":{"line":22,"column":4},"end":{"line":28,"column":5}}],"line":22},"2":{"loc":{"start":{"line":46,"column":4},"end":{"line":52,"column":5}},"type":"if","locations":[{"start":{"line":46,"column":4},"end":{"line":52,"column":5}},{"start":{"line":46,"column":4},"end":{"line":52,"column":5}}],"line":46},"3":{"loc":{"start":{"line":62,"column":4},"end":{"line":68,"column":5}},"type":"if","locations":[{"start":{"line":62,"column":4},"end":{"line":68,"column":5}},{"start":{"line":62,"column":4},"end":{"line":68,"column":5}}],"line":62},"4":{"loc":{"start":{"line":85,"column":4},"end":{"line":91,"column":5}},"type":"if","locations":[{"start":{"line":85,"column":4},"end":{"line":91,"column":5}},{"start":{"line":85,"column":4},"end":{"line":91,"column":5}}],"line":85},"5":{"loc":{"start":{"line":94,"column":4},"end":{"line":100,"column":5}},"type":"if","locations":[{"start":{"line":94,"column":4},"end":{"line":100,"column":5}},{"start":{"line":94,"column":4},"end":{"line":100,"column":5}}],"line":94},"6":{"loc":{"start":{"line":118,"column":4},"end":{"line":124,"column":5}},"type":"if","locations":[{"start":{"line":118,"column":4},"end":{"line":124,"column":5}},{"start":{"line":118,"column":4},"end":{"line":124,"column":5}}],"line":118}},"s":{"0":3,"1":3,"2":3,"3":3,"4":3,"5":3,"6":3,"7":3,"8":3,"9":2,"10":2,"11":1,"12":1,"13":1,"14":1,"15":0,"16":1,"17":1,"18":1,"19":1,"20":3,"21":1,"22":1,"23":0,"24":1,"25":3,"26":1,"27":1,"28":1,"29":0,"30":1,"31":1,"32":1,"33":1,"34":3,"35":2,"36":2,"37":1,"38":1,"39":1,"40":1,"41":0,"42":1,"43":1,"44":1,"45":1,"46":3,"47":0,"48":0,"49":0,"50":0,"51":3},"f":{"0":2,"1":1,"2":1,"3":2,"4":0},"b":{"0":[1,1],"1":[0,1],"2":[0,1],"3":[0,1],"4":[1,1],"5":[0,1],"6":[0,0]},"_coverageSchema":"1a1c01bbd47fc00a2c39e90264f33305004495a9","hash":"6283107f63fd4d0bf5fde170dbf1cdba375692c7"}
,"F:\\oslash\\routes\\employees.js": {"path":"F:\\oslash\\routes\\employees.js","statementMap":{"0":{"start":{"line":1,"column":16},"end":{"line":1,"column":34}},"1":{"start":{"line":2,"column":15},"end":{"line":2,"column":31}},"2":{"start":{"line":3,"column":23},"end":{"line":3,"column":49}},"3":{"start":{"line":4,"column":24},"end":{"line":4,"column":54}},"4":{"start":{"line":5,"column":17},"end":{"line":5,"column":46}},"5":{"start":{"line":6,"column":12},"end":{"line":6,"column":40}},"6":{"start":{"line":7,"column":17},"end":{"line":7,"column":60}},"7":{"start":{"line":8,"column":13},"end":{"line":8,"column":30}},"8":{"start":{"line":9,"column":8},"end":{"line":9,"column":25}},"9":{"start":{"line":12,"column":0},"end":{"line":65,"column":2}},"10":{"start":{"line":13,"column":15},"end":{"line":13,"column":28}},"11":{"start":{"line":14,"column":16},"end":{"line":14,"column":30}},"12":{"start":{"line":15,"column":19},"end":{"line":15,"column":36}},"13":{"start":{"line":16,"column":20},"end":{"line":16,"column":38}},"14":{"start":{"line":17,"column":4},"end":{"line":23,"column":5}},"15":{"start":{"line":19,"column":6},"end":{"line":22,"column":9}},"16":{"start":{"line":24,"column":4},"end":{"line":29,"column":5}},"17":{"start":{"line":25,"column":6},"end":{"line":28,"column":9}},"18":{"start":{"line":31,"column":4},"end":{"line":36,"column":5}},"19":{"start":{"line":32,"column":6},"end":{"line":35,"column":9}},"20":{"start":{"line":38,"column":24},"end":{"line":38,"column":64}},"21":{"start":{"line":39,"column":4},"end":{"line":42,"column":80}},"22":{"start":{"line":40,"column":6},"end":{"line":42,"column":80}},"23":{"start":{"line":43,"column":4},"end":{"line":48,"column":5}},"24":{"start":{"line":44,"column":6},"end":{"line":47,"column":9}},"25":{"start":{"line":49,"column":19},"end":{"line":54,"column":5}},"26":{"start":{"line":55,"column":22},"end":{"line":55,"column":44}},"27":{"start":{"line":56,"column":17},"end":{"line":56,"column":41}},"28":{"start":{"line":57,"column":4},"end":{"line":57,"column":73}},"29":{"start":{"line":58,"column":4},"end":{"line":58,"column":29}},"30":{"start":{"line":59,"column":4},"end":{"line":63,"column":7}},"31":{"start":{"line":68,"column":0},"end":{"line":106,"column":2}},"32":{"start":{"line":69,"column":16},"end":{"line":69,"column":30}},"33":{"start":{"line":70,"column":19},"end":{"line":70,"column":36}},"34":{"start":{"line":72,"column":4},"end":{"line":77,"column":5}},"35":{"start":{"line":73,"column":6},"end":{"line":76,"column":9}},"36":{"start":{"line":79,"column":24},"end":{"line":79,"column":64}},"37":{"start":{"line":80,"column":4},"end":{"line":84,"column":9}},"38":{"start":{"line":81,"column":6},"end":{"line":84,"column":9}},"39":{"start":{"line":86,"column":26},"end":{"line":89,"column":5}},"40":{"start":{"line":90,"column":4},"end":{"line":90,"column":72}},"41":{"start":{"line":90,"column":24},"end":{"line":90,"column":72}},"42":{"start":{"line":91,"column":18},"end":{"line":91,"column":51}},"43":{"start":{"line":92,"column":4},"end":{"line":98,"column":5}},"44":{"start":{"line":94,"column":6},"end":{"line":97,"column":61}},"45":{"start":{"line":99,"column":5},"end":{"line":102,"column":61}},"46":{"start":{"line":108,"column":0},"end":{"line":108,"column":24}}},"fnMap":{"0":{"name":"(anonymous_0)","decl":{"start":{"line":12,"column":55},"end":{"line":12,"column":56}},"loc":{"start":{"line":12,"column":75},"end":{"line":64,"column":3}},"line":12},"1":{"name":"(anonymous_1)","decl":{"start":{"line":68,"column":43},"end":{"line":68,"column":44}},"loc":{"start":{"line":68,"column":63},"end":{"line":105,"column":3}},"line":68}},"branchMap":{"0":{"loc":{"start":{"line":17,"column":4},"end":{"line":23,"column":5}},"type":"if","locations":[{"start":{"line":17,"column":4},"end":{"line":23,"column":5}},{"start":{"line":17,"column":4},"end":{"line":23,"column":5}}],"line":17},"1":{"loc":{"start":{"line":24,"column":4},"end":{"line":29,"column":5}},"type":"if","locations":[{"start":{"line":24,"column":4},"end":{"line":29,"column":5}},{"start":{"line":24,"column":4},"end":{"line":29,"column":5}}],"line":24},"2":{"loc":{"start":{"line":31,"column":4},"end":{"line":36,"column":5}},"type":"if","locations":[{"start":{"line":31,"column":4},"end":{"line":36,"column":5}},{"start":{"line":31,"column":4},"end":{"line":36,"column":5}}],"line":31},"3":{"loc":{"start":{"line":39,"column":4},"end":{"line":42,"column":80}},"type":"if","locations":[{"start":{"line":39,"column":4},"end":{"line":42,"column":80}},{"start":{"line":39,"column":4},"end":{"line":42,"column":80}}],"line":39},"4":{"loc":{"start":{"line":43,"column":4},"end":{"line":48,"column":5}},"type":"if","locations":[{"start":{"line":43,"column":4},"end":{"line":48,"column":5}},{"start":{"line":43,"column":4},"end":{"line":48,"column":5}}],"line":43},"5":{"loc":{"start":{"line":72,"column":4},"end":{"line":77,"column":5}},"type":"if","locations":[{"start":{"line":72,"column":4},"end":{"line":77,"column":5}},{"start":{"line":72,"column":4},"end":{"line":77,"column":5}}],"line":72},"6":{"loc":{"start":{"line":80,"column":4},"end":{"line":84,"column":9}},"type":"if","locations":[{"start":{"line":80,"column":4},"end":{"line":84,"column":9}},{"start":{"line":80,"column":4},"end":{"line":84,"column":9}}],"line":80},"7":{"loc":{"start":{"line":90,"column":4},"end":{"line":90,"column":72}},"type":"if","locations":[{"start":{"line":90,"column":4},"end":{"line":90,"column":72}},{"start":{"line":90,"column":4},"end":{"line":90,"column":72}}],"line":90},"8":{"loc":{"start":{"line":92,"column":4},"end":{"line":98,"column":5}},"type":"if","locations":[{"start":{"line":92,"column":4},"end":{"line":98,"column":5}},{"start":{"line":92,"column":4},"end":{"line":98,"column":5}}],"line":92}},"s":{"0":3,"1":3,"2":3,"3":3,"4":3,"5":3,"6":3,"7":3,"8":3,"9":3,"10":0,"11":0,"12":0,"13":0,"14":0,"15":0,"16":0,"17":0,"18":0,"19":0,"20":0,"21":0,"22":0,"23":0,"24":0,"25":0,"26":0,"27":0,"28":0,"29":0,"30":0,"31":3,"32":0,"33":0,"34":0,"35":0,"36":0,"37":0,"38":0,"39":0,"40":0,"41":0,"42":0,"43":0,"44":0,"45":0,"46":3},"f":{"0":0,"1":0},"b":{"0":[0,0],"1":[0,0],"2":[0,0],"3":[0,0],"4":[0,0],"5":[0,0],"6":[0,0],"7":[0,0],"8":[0,0]},"_coverageSchema":"1a1c01bbd47fc00a2c39e90264f33305004495a9","hash":"77a421106250e32fb7010f06df7b0585e424b86e"}
,"F:\\oslash\\routes\\posts.js": {"path":"F:\\oslash\\routes\\posts.js","statementMap":{"0":{"start":{"line":1,"column":16},"end":{"line":1,"column":34}},"1":{"start":{"line":2,"column":15},"end":{"line":2,"column":31}},"2":{"start":{"line":3,"column":24},"end":{"line":3,"column":54}},"3":{"start":{"line":4,"column":17},"end":{"line":4,"column":50}},"4":{"start":{"line":5,"column":13},"end":{"line":5,"column":38}},"5":{"start":{"line":6,"column":12},"end":{"line":6,"column":40}},"6":{"start":{"line":9,"column":0},"end":{"line":30,"column":2}},"7":{"start":{"line":10,"column":22},"end":{"line":10,"column":42}},"8":{"start":{"line":11,"column":17},"end":{"line":11,"column":33}},"9":{"start":{"line":12,"column":4},"end":{"line":17,"column":5}},"10":{"start":{"line":13,"column":6},"end":{"line":16,"column":9}},"11":{"start":{"line":18,"column":22},"end":{"line":21,"column":5}},"12":{"start":{"line":22,"column":18},"end":{"line":22,"column":39}},"13":{"start":{"line":23,"column":4},"end":{"line":23,"column":25}},"14":{"start":{"line":24,"column":4},"end":{"line":28,"column":7}},"15":{"start":{"line":33,"column":0},"end":{"line":46,"column":2}},"16":{"start":{"line":34,"column":19},"end":{"line":34,"column":87}},"17":{"start":{"line":35,"column":4},"end":{"line":40,"column":5}},"18":{"start":{"line":36,"column":6},"end":{"line":39,"column":9}},"19":{"start":{"line":41,"column":4},"end":{"line":44,"column":7}},"20":{"start":{"line":49,"column":0},"end":{"line":62,"column":2}},"21":{"start":{"line":50,"column":15},"end":{"line":50,"column":66}},"22":{"start":{"line":51,"column":4},"end":{"line":56,"column":5}},"23":{"start":{"line":52,"column":6},"end":{"line":55,"column":9}},"24":{"start":{"line":57,"column":4},"end":{"line":60,"column":7}},"25":{"start":{"line":64,"column":0},"end":{"line":64,"column":24}}},"fnMap":{"0":{"name":"(anonymous_0)","decl":{"start":{"line":9,"column":48},"end":{"line":9,"column":49}},"loc":{"start":{"line":9,"column":68},"end":{"line":29,"column":3}},"line":9},"1":{"name":"(anonymous_1)","decl":{"start":{"line":33,"column":53},"end":{"line":33,"column":54}},"loc":{"start":{"line":33,"column":73},"end":{"line":45,"column":3}},"line":33},"2":{"name":"(anonymous_2)","decl":{"start":{"line":49,"column":53},"end":{"line":49,"column":54}},"loc":{"start":{"line":49,"column":73},"end":{"line":61,"column":3}},"line":49}},"branchMap":{"0":{"loc":{"start":{"line":12,"column":4},"end":{"line":17,"column":5}},"type":"if","locations":[{"start":{"line":12,"column":4},"end":{"line":17,"column":5}},{"start":{"line":12,"column":4},"end":{"line":17,"column":5}}],"line":12},"1":{"loc":{"start":{"line":35,"column":4},"end":{"line":40,"column":5}},"type":"if","locations":[{"start":{"line":35,"column":4},"end":{"line":40,"column":5}},{"start":{"line":35,"column":4},"end":{"line":40,"column":5}}],"line":35},"2":{"loc":{"start":{"line":51,"column":4},"end":{"line":56,"column":5}},"type":"if","locations":[{"start":{"line":51,"column":4},"end":{"line":56,"column":5}},{"start":{"line":51,"column":4},"end":{"line":56,"column":5}}],"line":51}},"s":{"0":3,"1":3,"2":3,"3":3,"4":3,"5":3,"6":3,"7":1,"8":1,"9":1,"10":0,"11":1,"12":1,"13":1,"14":1,"15":3,"16":1,"17":1,"18":0,"19":1,"20":3,"21":2,"22":1,"23":0,"24":1,"25":3},"f":{"0":1,"1":1,"2":2},"b":{"0":[0,1],"1":[0,1],"2":[0,1]},"_coverageSchema":"1a1c01bbd47fc00a2c39e90264f33305004495a9","hash":"5922dd799623cce7cf252893229cf53d7fad78b2"}
,"F:\\oslash\\routes\\superadmin.js": {"path":"F:\\oslash\\routes\\superadmin.js","statementMap":{"0":{"start":{"line":1,"column":16},"end":{"line":1,"column":34}},"1":{"start":{"line":2,"column":15},"end":{"line":2,"column":31}},"2":{"start":{"line":3,"column":10},"end":{"line":3,"column":38}},"3":{"start":{"line":4,"column":22},"end":{"line":4,"column":52}},"4":{"start":{"line":5,"column":17},"end":{"line":5,"column":60}},"5":{"start":{"line":6,"column":16},"end":{"line":6,"column":46}},"6":{"start":{"line":7,"column":10},"end":{"line":7,"column":39}},"7":{"start":{"line":8,"column":11},"end":{"line":8,"column":36}},"8":{"start":{"line":9,"column":15},"end":{"line":9,"column":44}},"9":{"start":{"line":13,"column":0},"end":{"line":27,"column":4}},"10":{"start":{"line":14,"column":16},"end":{"line":14,"column":53}},"11":{"start":{"line":15,"column":4},"end":{"line":21,"column":5}},"12":{"start":{"line":17,"column":8},"end":{"line":20,"column":13}},"13":{"start":{"line":22,"column":4},"end":{"line":26,"column":9}},"14":{"start":{"line":30,"column":0},"end":{"line":78,"column":4}},"15":{"start":{"line":31,"column":16},"end":{"line":31,"column":33}},"16":{"start":{"line":32,"column":19},"end":{"line":32,"column":32}},"17":{"start":{"line":33,"column":17},"end":{"line":33,"column":54}},"18":{"start":{"line":34,"column":3},"end":{"line":40,"column":4}},"19":{"start":{"line":36,"column":4},"end":{"line":39,"column":9}},"20":{"start":{"line":41,"column":12},"end":{"line":41,"column":47}},"21":{"start":{"line":42,"column":4},"end":{"line":48,"column":5}},"22":{"start":{"line":44,"column":8},"end":{"line":47,"column":13}},"23":{"start":{"line":49,"column":4},"end":{"line":71,"column":5}},"24":{"start":{"line":51,"column":8},"end":{"line":70,"column":9}},"25":{"start":{"line":53,"column":12},"end":{"line":53,"column":102}},"26":{"start":{"line":57,"column":13},"end":{"line":70,"column":9}},"27":{"start":{"line":59,"column":12},"end":{"line":59,"column":63}},"28":{"start":{"line":61,"column":13},"end":{"line":70,"column":9}},"29":{"start":{"line":63,"column":27},"end":{"line":63,"column":62}},"30":{"start":{"line":64,"column":20},"end":{"line":67,"column":13}},"31":{"start":{"line":68,"column":24},"end":{"line":68,"column":37}},"32":{"start":{"line":69,"column":12},"end":{"line":69,"column":33}},"33":{"start":{"line":72,"column":4},"end":{"line":72,"column":76}},"34":{"start":{"line":73,"column":4},"end":{"line":77,"column":7}},"35":{"start":{"line":81,"column":0},"end":{"line":96,"column":4}},"36":{"start":{"line":82,"column":17},"end":{"line":82,"column":60}},"37":{"start":{"line":83,"column":0},"end":{"line":83,"column":26}},"38":{"start":{"line":84,"column":0},"end":{"line":90,"column":1}},"39":{"start":{"line":86,"column":4},"end":{"line":89,"column":9}},"40":{"start":{"line":91,"column":0},"end":{"line":95,"column":5}},"41":{"start":{"line":99,"column":0},"end":{"line":113,"column":4}},"42":{"start":{"line":100,"column":14},"end":{"line":100,"column":52}},"43":{"start":{"line":101,"column":0},"end":{"line":107,"column":1}},"44":{"start":{"line":103,"column":2},"end":{"line":106,"column":4}},"45":{"start":{"line":108,"column":0},"end":{"line":112,"column":2}},"46":{"start":{"line":115,"column":0},"end":{"line":115,"column":22}}},"fnMap":{"0":{"name":"(anonymous_0)","decl":{"start":{"line":13,"column":57},"end":{"line":13,"column":58}},"loc":{"start":{"line":13,"column":73},"end":{"line":27,"column":1}},"line":13},"1":{"name":"(anonymous_1)","decl":{"start":{"line":30,"column":60},"end":{"line":30,"column":61}},"loc":{"start":{"line":30,"column":76},"end":{"line":78,"column":1}},"line":30},"2":{"name":"(anonymous_2)","decl":{"start":{"line":81,"column":57},"end":{"line":81,"column":58}},"loc":{"start":{"line":81,"column":73},"end":{"line":96,"column":1}},"line":81},"3":{"name":"(anonymous_3)","decl":{"start":{"line":99,"column":58},"end":{"line":99,"column":59}},"loc":{"start":{"line":99,"column":74},"end":{"line":113,"column":1}},"line":99}},"branchMap":{"0":{"loc":{"start":{"line":15,"column":4},"end":{"line":21,"column":5}},"type":"if","locations":[{"start":{"line":15,"column":4},"end":{"line":21,"column":5}},{"start":{"line":15,"column":4},"end":{"line":21,"column":5}}],"line":15},"1":{"loc":{"start":{"line":34,"column":3},"end":{"line":40,"column":4}},"type":"if","locations":[{"start":{"line":34,"column":3},"end":{"line":40,"column":4}},{"start":{"line":34,"column":3},"end":{"line":40,"column":4}}],"line":34},"2":{"loc":{"start":{"line":42,"column":4},"end":{"line":48,"column":5}},"type":"if","locations":[{"start":{"line":42,"column":4},"end":{"line":48,"column":5}},{"start":{"line":42,"column":4},"end":{"line":48,"column":5}}],"line":42},"3":{"loc":{"start":{"line":49,"column":4},"end":{"line":71,"column":5}},"type":"if","locations":[{"start":{"line":49,"column":4},"end":{"line":71,"column":5}},{"start":{"line":49,"column":4},"end":{"line":71,"column":5}}],"line":49},"4":{"loc":{"start":{"line":51,"column":8},"end":{"line":70,"column":9}},"type":"if","locations":[{"start":{"line":51,"column":8},"end":{"line":70,"column":9}},{"start":{"line":51,"column":8},"end":{"line":70,"column":9}}],"line":51},"5":{"loc":{"start":{"line":57,"column":13},"end":{"line":70,"column":9}},"type":"if","locations":[{"start":{"line":57,"column":13},"end":{"line":70,"column":9}},{"start":{"line":57,"column":13},"end":{"line":70,"column":9}}],"line":57},"6":{"loc":{"start":{"line":61,"column":13},"end":{"line":70,"column":9}},"type":"if","locations":[{"start":{"line":61,"column":13},"end":{"line":70,"column":9}},{"start":{"line":61,"column":13},"end":{"line":70,"column":9}}],"line":61},"7":{"loc":{"start":{"line":84,"column":0},"end":{"line":90,"column":1}},"type":"if","locations":[{"start":{"line":84,"column":0},"end":{"line":90,"column":1}},{"start":{"line":84,"column":0},"end":{"line":90,"column":1}}],"line":84},"8":{"loc":{"start":{"line":101,"column":0},"end":{"line":107,"column":1}},"type":"if","locations":[{"start":{"line":101,"column":0},"end":{"line":107,"column":1}},{"start":{"line":101,"column":0},"end":{"line":107,"column":1}}],"line":101}},"s":{"0":3,"1":3,"2":3,"3":3,"4":3,"5":3,"6":3,"7":3,"8":3,"9":3,"10":0,"11":0,"12":0,"13":0,"14":3,"15":0,"16":0,"17":0,"18":0,"19":0,"20":0,"21":0,"22":0,"23":0,"24":0,"25":0,"26":0,"27":0,"28":0,"29":0,"30":0,"31":0,"32":0,"33":0,"34":0,"35":3,"36":0,"37":0,"38":0,"39":0,"40":0,"41":3,"42":0,"43":0,"44":0,"45":0,"46":3},"f":{"0":0,"1":0,"2":0,"3":0},"b":{"0":[0,0],"1":[0,0],"2":[0,0],"3":[0,0],"4":[0,0],"5":[0,0],"6":[0,0],"7":[0,0],"8":[0,0]},"_coverageSchema":"1a1c01bbd47fc00a2c39e90264f33305004495a9","hash":"04e114efba956bd740a0a7d452661c592dfae0b7"}
,"F:\\oslash\\routes\\users.js": {"path":"F:\\oslash\\routes\\users.js","statementMap":{"0":{"start":{"line":1,"column":16},"end":{"line":1,"column":34}},"1":{"start":{"line":2,"column":15},"end":{"line":2,"column":31}},"2":{"start":{"line":3,"column":24},"end":{"line":3,"column":54}},"3":{"start":{"line":4,"column":13},"end":{"line":4,"column":38}},"4":{"start":{"line":5,"column":10},"end":{"line":5,"column":38}},"5":{"start":{"line":6,"column":23},"end":{"line":6,"column":49}},"6":{"start":{"line":7,"column":15},"end":{"line":7,"column":32}},"7":{"start":{"line":8,"column":10},"end":{"line":8,"column":27}},"8":{"start":{"line":14,"column":0},"end":{"line":57,"column":6}},"9":{"start":{"line":15,"column":15},"end":{"line":15,"column":28}},"10":{"start":{"line":16,"column":16},"end":{"line":16,"column":30}},"11":{"start":{"line":17,"column":19},"end":{"line":17,"column":36}},"12":{"start":{"line":18,"column":4},"end":{"line":23,"column":5}},"13":{"start":{"line":19,"column":6},"end":{"line":22,"column":9}},"14":{"start":{"line":25,"column":4},"end":{"line":30,"column":5}},"15":{"start":{"line":26,"column":6},"end":{"line":29,"column":9}},"16":{"start":{"line":32,"column":20},"end":{"line":32,"column":56}},"17":{"start":{"line":33,"column":4},"end":{"line":36,"column":76}},"18":{"start":{"line":34,"column":6},"end":{"line":36,"column":76}},"19":{"start":{"line":37,"column":4},"end":{"line":42,"column":5}},"20":{"start":{"line":38,"column":6},"end":{"line":41,"column":9}},"21":{"start":{"line":43,"column":19},"end":{"line":47,"column":5}},"22":{"start":{"line":48,"column":18},"end":{"line":48,"column":36}},"23":{"start":{"line":49,"column":17},"end":{"line":49,"column":41}},"24":{"start":{"line":50,"column":4},"end":{"line":50,"column":65}},"25":{"start":{"line":51,"column":4},"end":{"line":51,"column":25}},"26":{"start":{"line":52,"column":4},"end":{"line":56,"column":7}},"27":{"start":{"line":60,"column":0},"end":{"line":91,"column":2}},"28":{"start":{"line":61,"column":16},"end":{"line":61,"column":30}},"29":{"start":{"line":62,"column":19},"end":{"line":62,"column":36}},"30":{"start":{"line":64,"column":4},"end":{"line":69,"column":5}},"31":{"start":{"line":65,"column":6},"end":{"line":68,"column":9}},"32":{"start":{"line":71,"column":20},"end":{"line":71,"column":56}},"33":{"start":{"line":72,"column":4},"end":{"line":76,"column":9}},"34":{"start":{"line":73,"column":6},"end":{"line":76,"column":9}},"35":{"start":{"line":78,"column":26},"end":{"line":78,"column":76}},"36":{"start":{"line":79,"column":4},"end":{"line":82,"column":7}},"37":{"start":{"line":79,"column":24},"end":{"line":82,"column":7}},"38":{"start":{"line":84,"column":18},"end":{"line":84,"column":47}},"39":{"start":{"line":86,"column":4},"end":{"line":89,"column":57}},"40":{"start":{"line":93,"column":0},"end":{"line":93,"column":29}},"41":{"start":{"line":94,"column":0},"end":{"line":94,"column":24}}},"fnMap":{"0":{"name":"(anonymous_0)","decl":{"start":{"line":14,"column":42},"end":{"line":14,"column":43}},"loc":{"start":{"line":14,"column":62},"end":{"line":57,"column":3}},"line":14},"1":{"name":"(anonymous_1)","decl":{"start":{"line":60,"column":43},"end":{"line":60,"column":44}},"loc":{"start":{"line":60,"column":63},"end":{"line":90,"column":3}},"line":60}},"branchMap":{"0":{"loc":{"start":{"line":18,"column":4},"end":{"line":23,"column":5}},"type":"if","locations":[{"start":{"line":18,"column":4},"end":{"line":23,"column":5}},{"start":{"line":18,"column":4},"end":{"line":23,"column":5}}],"line":18},"1":{"loc":{"start":{"line":25,"column":4},"end":{"line":30,"column":5}},"type":"if","locations":[{"start":{"line":25,"column":4},"end":{"line":30,"column":5}},{"start":{"line":25,"column":4},"end":{"line":30,"column":5}}],"line":25},"2":{"loc":{"start":{"line":33,"column":4},"end":{"line":36,"column":76}},"type":"if","locations":[{"start":{"line":33,"column":4},"end":{"line":36,"column":76}},{"start":{"line":33,"column":4},"end":{"line":36,"column":76}}],"line":33},"3":{"loc":{"start":{"line":37,"column":4},"end":{"line":42,"column":5}},"type":"if","locations":[{"start":{"line":37,"column":4},"end":{"line":42,"column":5}},{"start":{"line":37,"column":4},"end":{"line":42,"column":5}}],"line":37},"4":{"loc":{"start":{"line":64,"column":4},"end":{"line":69,"column":5}},"type":"if","locations":[{"start":{"line":64,"column":4},"end":{"line":69,"column":5}},{"start":{"line":64,"column":4},"end":{"line":69,"column":5}}],"line":64},"5":{"loc":{"start":{"line":72,"column":4},"end":{"line":76,"column":9}},"type":"if","locations":[{"start":{"line":72,"column":4},"end":{"line":76,"column":9}},{"start":{"line":72,"column":4},"end":{"line":76,"column":9}}],"line":72},"6":{"loc":{"start":{"line":79,"column":4},"end":{"line":82,"column":7}},"type":"if","locations":[{"start":{"line":79,"column":4},"end":{"line":82,"column":7}},{"start":{"line":79,"column":4},"end":{"line":82,"column":7}}],"line":79}},"s":{"0":3,"1":3,"2":3,"3":3,"4":3,"5":3,"6":3,"7":3,"8":3,"9":4,"10":4,"11":4,"12":4,"13":1,"14":3,"15":1,"16":2,"17":2,"18":2,"19":0,"20":0,"21":0,"22":0,"23":0,"24":0,"25":0,"26":0,"27":3,"28":4,"29":4,"30":4,"31":1,"32":3,"33":3,"34":1,"35":2,"36":2,"37":2,"38":0,"39":0,"40":3,"41":3},"f":{"0":4,"1":4},"b":{"0":[1,3],"1":[1,2],"2":[2,0],"3":[0,0],"4":[1,3],"5":[1,2],"6":[2,0]},"_coverageSchema":"1a1c01bbd47fc00a2c39e90264f33305004495a9","hash":"19d65171c2e9a03905935c2d902106e74d89b2b4"}
,"F:\\oslash\\startup\\config.js": {"path":"F:\\oslash\\startup\\config.js","statementMap":{"0":{"start":{"line":1,"column":15},"end":{"line":1,"column":42}},"1":{"start":{"line":3,"column":0},"end":{"line":7,"column":1}},"2":{"start":{"line":4,"column":2},"end":{"line":6,"column":3}},"3":{"start":{"line":5,"column":4},"end":{"line":5,"column":66}}},"fnMap":{"0":{"name":"(anonymous_0)","decl":{"start":{"line":3,"column":17},"end":{"line":3,"column":18}},"loc":{"start":{"line":3,"column":28},"end":{"line":7,"column":1}},"line":3}},"branchMap":{"0":{"loc":{"start":{"line":4,"column":2},"end":{"line":6,"column":3}},"type":"if","locations":[{"start":{"line":4,"column":2},"end":{"line":6,"column":3}},{"start":{"line":4,"column":2},"end":{"line":6,"column":3}}],"line":4}},"s":{"0":3,"1":3,"2":3,"3":0},"f":{"0":3},"b":{"0":[0,3]},"_coverageSchema":"1a1c01bbd47fc00a2c39e90264f33305004495a9","hash":"4dad4e89e8f6e8b3238ae0f1771d7f9e28d13f70"}
,"F:\\oslash\\startup\\db.js": {"path":"F:\\oslash\\startup\\db.js","statementMap":{"0":{"start":{"line":1,"column":16},"end":{"line":1,"column":34}},"1":{"start":{"line":2,"column":17},"end":{"line":2,"column":36}},"2":{"start":{"line":3,"column":13},"end":{"line":3,"column":30}},"3":{"start":{"line":4,"column":0},"end":{"line":4,"column":27}},"4":{"start":{"line":6,"column":0},"end":{"line":11,"column":2}},"5":{"start":{"line":7,"column":11},"end":{"line":7,"column":27}},"6":{"start":{"line":8,"column":2},"end":{"line":10,"column":52}},"7":{"start":{"line":10,"column":16},"end":{"line":10,"column":50}}},"fnMap":{"0":{"name":"(anonymous_0)","decl":{"start":{"line":6,"column":17},"end":{"line":6,"column":18}},"loc":{"start":{"line":6,"column":29},"end":{"line":11,"column":1}},"line":6},"1":{"name":"(anonymous_1)","decl":{"start":{"line":10,"column":10},"end":{"line":10,"column":11}},"loc":{"start":{"line":10,"column":16},"end":{"line":10,"column":50}},"line":10}},"branchMap":{},"s":{"0":3,"1":3,"2":3,"3":3,"4":3,"5":3,"6":3,"7":3},"f":{"0":3,"1":3},"b":{},"_coverageSchema":"1a1c01bbd47fc00a2c39e90264f33305004495a9","hash":"5a3cca83f2e417888884162ee878519dc9ffc35d"}
,"F:\\oslash\\startup\\routes.js": {"path":"F:\\oslash\\startup\\routes.js","statementMap":{"0":{"start":{"line":1,"column":14},"end":{"line":1,"column":32}},"1":{"start":{"line":2,"column":13},"end":{"line":2,"column":39}},"2":{"start":{"line":3,"column":14},"end":{"line":3,"column":40}},"3":{"start":{"line":4,"column":18},"end":{"line":4,"column":48}},"4":{"start":{"line":5,"column":12},"end":{"line":5,"column":42}},"5":{"start":{"line":6,"column":17},"end":{"line":6,"column":48}},"6":{"start":{"line":8,"column":0},"end":{"line":15,"column":2}},"7":{"start":{"line":9,"column":2},"end":{"line":9,"column":26}},"8":{"start":{"line":10,"column":2},"end":{"line":10,"column":30}},"9":{"start":{"line":11,"column":2},"end":{"line":11,"column":31}},"10":{"start":{"line":12,"column":2},"end":{"line":12,"column":38}},"11":{"start":{"line":13,"column":2},"end":{"line":13,"column":30}},"12":{"start":{"line":14,"column":2},"end":{"line":14,"column":40}}},"fnMap":{"0":{"name":"(anonymous_0)","decl":{"start":{"line":8,"column":17},"end":{"line":8,"column":18}},"loc":{"start":{"line":8,"column":32},"end":{"line":15,"column":1}},"line":8}},"branchMap":{},"s":{"0":3,"1":3,"2":3,"3":3,"4":3,"5":3,"6":3,"7":3,"8":3,"9":3,"10":3,"11":3,"12":3},"f":{"0":3},"b":{},"_coverageSchema":"1a1c01bbd47fc00a2c39e90264f33305004495a9","hash":"33f0a15f8b451cf81d4d06c283c3b620721c62f0"}
}
