TN:
SF:app.js
FN:10,(anonymous_0)
FNF:1
FNH:1
FNDA:3,(anonymous_0)
DA:1,3
DA:2,3
DA:3,3
DA:5,3
DA:6,3
DA:7,3
DA:9,3
DA:10,3
DA:12,3
LF:9
LH:9
BRDA:9,0,0,3
BRDA:9,0,1,3
BRF:2
BRH:2
end_of_record
TN:
SF:config\config.js
FNF:0
FNH:0
DA:1,3
LF:1
LH:1
BRF:0
BRH:0
end_of_record
TN:
SF:middleware\async.js
FN:1,(anonymous_0)
FN:2,(anonymous_1)
FNF:2
FNH:2
FNDA:48,(anonymous_0)
FNDA:18,(anonymous_1)
DA:1,3
DA:2,48
DA:3,18
DA:4,18
DA:8,1
LF:5
LH:5
BRF:0
BRH:0
end_of_record
TN:
SF:middleware\employeeauth.js
FN:5,(anonymous_0)
FNF:1
FNH:1
FNDA:10,(anonymous_0)
DA:1,3
DA:2,3
DA:3,3
DA:5,3
DA:6,10
DA:8,10
DA:9,4
DA:12,6
DA:13,6
DA:14,6
DA:15,6
DA:17,0
LF:12
LH:11
BRDA:8,0,0,4
BRDA:8,0,1,6
BRF:2
BRH:2
end_of_record
TN:
SF:middleware\employeesuperadmin.js
FN:5,(anonymous_0)
FNF:1
FNH:0
FNDA:0,(anonymous_0)
DA:1,3
DA:2,3
DA:3,3
DA:5,3
DA:6,0
DA:8,0
DA:9,0
DA:12,0
DA:13,0
DA:14,0
DA:15,0
DA:17,0
LF:12
LH:4
BRDA:8,0,0,0
BRDA:8,0,1,0
BRF:2
BRH:0
end_of_record
TN:
SF:middleware\log.js
FN:3,(anonymous_0)
FNF:1
FNH:1
FNDA:18,(anonymous_0)
DA:1,3
DA:3,3
DA:5,18
DA:6,18
DA:7,18
DA:8,18
DA:10,18
DA:11,4
DA:17,4
DA:18,4
DA:19,14
DA:20,6
DA:22,0
DA:29,0
DA:30,0
DA:34,6
DA:41,6
DA:42,6
DA:48,8
DA:50,8
DA:55,8
DA:56,8
DA:58,0
DA:61,0
DA:66,0
DA:67,0
DA:72,18
DA:74,0
LF:28
LH:20
BRDA:10,0,0,4
BRDA:10,0,1,14
BRDA:19,1,0,6
BRDA:19,1,1,8
BRDA:20,2,0,0
BRDA:20,2,1,6
BRDA:48,3,0,8
BRDA:48,3,1,0
BRDA:58,4,0,0
BRDA:58,4,1,0
BRF:10
BRH:6
end_of_record
TN:
SF:middleware\userauth.js
FN:4,(anonymous_0)
FNF:1
FNH:1
FNDA:7,(anonymous_0)
DA:1,3
DA:2,3
DA:4,3
DA:5,7
DA:7,7
DA:8,3
DA:11,4
DA:12,4
DA:13,4
DA:14,4
DA:16,0
LF:11
LH:10
BRDA:7,0,0,3
BRDA:7,0,1,4
BRF:2
BRH:2
end_of_record
TN:
SF:models\adminpost.js
FNF:0
FNH:0
DA:1,3
DA:3,3
DA:30,3
LF:3
LH:3
BRF:0
BRH:0
end_of_record
TN:
SF:models\auditLog.js
FNF:0
FNH:0
DA:1,3
DA:3,3
DA:25,3
LF:3
LH:3
BRF:0
BRH:0
end_of_record
TN:
SF:models\employee.js
FN:25,(anonymous_0)
FNF:1
FNH:1
FNDA:10,(anonymous_0)
DA:1,3
DA:2,3
DA:3,3
DA:4,3
DA:25,3
DA:26,10
DA:30,10
DA:33,3
LF:8
LH:8
BRF:0
BRH:0
end_of_record
TN:
SF:models\post.js
FNF:0
FNH:0
DA:1,3
DA:3,3
DA:47,3
LF:3
LH:3
BRF:0
BRH:0
end_of_record
TN:
SF:models\user.js
FN:25,(anonymous_0)
FNF:1
FNH:1
FNDA:8,(anonymous_0)
DA:1,3
DA:2,3
DA:3,3
DA:5,3
DA:25,3
DA:26,8
DA:30,8
DA:33,3
LF:8
LH:8
BRF:0
BRH:0
end_of_record
TN:
SF:routes\adminPost.js
FN:11,(anonymous_0)
FN:44,(anonymous_1)
FN:59,(anonymous_2)
FN:83,(anonymous_3)
FN:116,(anonymous_4)
FNF:5
FNH:4
FNDA:2,(anonymous_0)
FNDA:1,(anonymous_1)
FNDA:1,(anonymous_2)
FNDA:2,(anonymous_3)
FNDA:0,(anonymous_4)
DA:1,3
DA:2,3
DA:3,3
DA:4,3
DA:5,3
DA:6,3
DA:7,3
DA:8,3
DA:11,3
DA:12,2
DA:13,2
DA:15,1
DA:20,1
DA:21,1
DA:22,1
DA:24,0
DA:29,1
DA:35,1
DA:36,1
DA:37,1
DA:44,3
DA:45,1
DA:46,1
DA:48,0
DA:53,1
DA:59,3
DA:60,1
DA:61,1
DA:62,1
DA:64,0
DA:69,1
DA:75,1
DA:76,1
DA:77,1
DA:83,3
DA:84,2
DA:85,2
DA:87,1
DA:92,1
DA:93,1
DA:94,1
DA:96,0
DA:101,1
DA:108,1
DA:109,1
DA:110,1
DA:116,3
DA:117,0
DA:118,0
DA:120,0
DA:125,0
DA:134,3
LF:52
LH:44
BRDA:13,0,0,1
BRDA:13,0,1,1
BRDA:22,1,0,0
BRDA:22,1,1,1
BRDA:46,2,0,0
BRDA:46,2,1,1
BRDA:62,3,0,0
BRDA:62,3,1,1
BRDA:85,4,0,1
BRDA:85,4,1,1
BRDA:94,5,0,0
BRDA:94,5,1,1
BRDA:118,6,0,0
BRDA:118,6,1,0
BRF:14
BRH:8
end_of_record
TN:
SF:routes\employees.js
FN:12,(anonymous_0)
FN:68,(anonymous_1)
FNF:2
FNH:0
FNDA:0,(anonymous_0)
FNDA:0,(anonymous_1)
DA:1,3
DA:2,3
DA:3,3
DA:4,3
DA:5,3
DA:6,3
DA:7,3
DA:8,3
DA:9,3
DA:12,3
DA:13,0
DA:14,0
DA:15,0
DA:16,0
DA:17,0
DA:19,0
DA:24,0
DA:25,0
DA:31,0
DA:32,0
DA:38,0
DA:39,0
DA:40,0
DA:43,0
DA:44,0
DA:49,0
DA:55,0
DA:56,0
DA:57,0
DA:58,0
DA:59,0
DA:68,3
DA:69,0
DA:70,0
DA:72,0
DA:73,0
DA:79,0
DA:80,0
DA:81,0
DA:86,0
DA:90,0
DA:91,0
DA:92,0
DA:94,0
DA:99,0
DA:108,3
LF:46
LH:12
BRDA:17,0,0,0
BRDA:17,0,1,0
BRDA:24,1,0,0
BRDA:24,1,1,0
BRDA:31,2,0,0
BRDA:31,2,1,0
BRDA:39,3,0,0
BRDA:39,3,1,0
BRDA:43,4,0,0
BRDA:43,4,1,0
BRDA:72,5,0,0
BRDA:72,5,1,0
BRDA:80,6,0,0
BRDA:80,6,1,0
BRDA:90,7,0,0
BRDA:90,7,1,0
BRDA:92,8,0,0
BRDA:92,8,1,0
BRF:18
BRH:0
end_of_record
TN:
SF:routes\posts.js
FN:9,(anonymous_0)
FN:33,(anonymous_1)
FN:49,(anonymous_2)
FNF:3
FNH:3
FNDA:1,(anonymous_0)
FNDA:1,(anonymous_1)
FNDA:2,(anonymous_2)
DA:1,3
DA:2,3
DA:3,3
DA:4,3
DA:5,3
DA:6,3
DA:9,3
DA:10,1
DA:11,1
DA:12,1
DA:13,0
DA:18,1
DA:22,1
DA:23,1
DA:24,1
DA:33,3
DA:34,1
DA:35,1
DA:36,0
DA:41,1
DA:49,3
DA:50,2
DA:51,1
DA:52,0
DA:57,1
DA:64,3
LF:26
LH:23
BRDA:12,0,0,0
BRDA:12,0,1,1
BRDA:35,1,0,0
BRDA:35,1,1,1
BRDA:51,2,0,0
BRDA:51,2,1,1
BRF:6
BRH:3
end_of_record
TN:
SF:routes\superadmin.js
FN:13,(anonymous_0)
FN:30,(anonymous_1)
FN:81,(anonymous_2)
FN:99,(anonymous_3)
FNF:4
FNH:0
FNDA:0,(anonymous_0)
FNDA:0,(anonymous_1)
FNDA:0,(anonymous_2)
FNDA:0,(anonymous_3)
DA:1,3
DA:2,3
DA:3,3
DA:4,3
DA:5,3
DA:6,3
DA:7,3
DA:8,3
DA:9,3
DA:13,3
DA:14,0
DA:15,0
DA:17,0
DA:22,0
DA:30,3
DA:31,0
DA:32,0
DA:33,0
DA:34,0
DA:36,0
DA:41,0
DA:42,0
DA:44,0
DA:49,0
DA:51,0
DA:53,0
DA:57,0
DA:59,0
DA:61,0
DA:63,0
DA:64,0
DA:68,0
DA:69,0
DA:72,0
DA:73,0
DA:81,3
DA:82,0
DA:83,0
DA:84,0
DA:86,0
DA:91,0
DA:99,3
DA:100,0
DA:101,0
DA:103,0
DA:108,0
DA:115,3
LF:47
LH:14
BRDA:15,0,0,0
BRDA:15,0,1,0
BRDA:34,1,0,0
BRDA:34,1,1,0
BRDA:42,2,0,0
BRDA:42,2,1,0
BRDA:49,3,0,0
BRDA:49,3,1,0
BRDA:51,4,0,0
BRDA:51,4,1,0
BRDA:57,5,0,0
BRDA:57,5,1,0
BRDA:61,6,0,0
BRDA:61,6,1,0
BRDA:84,7,0,0
BRDA:84,7,1,0
BRDA:101,8,0,0
BRDA:101,8,1,0
BRF:18
BRH:0
end_of_record
TN:
SF:routes\users.js
FN:14,(anonymous_0)
FN:60,(anonymous_1)
FNF:2
FNH:2
FNDA:4,(anonymous_0)
FNDA:4,(anonymous_1)
DA:1,3
DA:2,3
DA:3,3
DA:4,3
DA:5,3
DA:6,3
DA:7,3
DA:8,3
DA:14,3
DA:15,4
DA:16,4
DA:17,4
DA:18,4
DA:19,1
DA:25,3
DA:26,1
DA:32,2
DA:33,2
DA:34,2
DA:37,0
DA:38,0
DA:43,0
DA:48,0
DA:49,0
DA:50,0
DA:51,0
DA:52,0
DA:60,3
DA:61,4
DA:62,4
DA:64,4
DA:65,1
DA:71,3
DA:72,3
DA:73,1
DA:78,2
DA:79,2
DA:84,0
DA:86,0
DA:93,3
DA:94,3
LF:41
LH:31
BRDA:18,0,0,1
BRDA:18,0,1,3
BRDA:25,1,0,1
BRDA:25,1,1,2
BRDA:33,2,0,2
BRDA:33,2,1,0
BRDA:37,3,0,0
BRDA:37,3,1,0
BRDA:64,4,0,1
BRDA:64,4,1,3
BRDA:72,5,0,1
BRDA:72,5,1,2
BRDA:79,6,0,2
BRDA:79,6,1,0
BRF:14
BRH:10
end_of_record
TN:
SF:startup\config.js
FN:3,(anonymous_0)
FNF:1
FNH:1
FNDA:3,(anonymous_0)
DA:1,3
DA:3,3
DA:4,3
DA:5,0
LF:4
LH:3
BRDA:4,0,0,0
BRDA:4,0,1,3
BRF:2
BRH:1
end_of_record
TN:
SF:startup\db.js
FN:6,(anonymous_0)
FN:10,(anonymous_1)
FNF:2
FNH:2
FNDA:3,(anonymous_0)
FNDA:3,(anonymous_1)
DA:1,3
DA:2,3
DA:3,3
DA:4,3
DA:6,3
DA:7,3
DA:8,3
DA:10,3
LF:8
LH:8
BRF:0
BRH:0
end_of_record
TN:
SF:startup\routes.js
FN:8,(anonymous_0)
FNF:1
FNH:1
FNDA:3,(anonymous_0)
DA:1,3
DA:2,3
DA:3,3
DA:4,3
DA:5,3
DA:6,3
DA:8,3
DA:9,3
DA:10,3
DA:11,3
DA:12,3
DA:13,3
DA:14,3
LF:13
LH:13
BRF:0
BRH:0
end_of_record
